<?xml version="1.0" encoding="UTF-8"?>
<!-- Generated by org.testng.reporters.JUnitXMLReporter -->
<testsuite ignored="0" hostname="LAPTOP-PFC5DLKF" failures="0" tests="2" name="Error Validation Test" time="0.051" errors="0" timestamp="2024-06-15T21:32:42 IST">
  <testcase classname="SelenimFramework1.tests.ErrorValidationsTest" name="LoginErrorValidations" time="0.0">
    <skipped/>
  </testcase> <!-- LoginErrorValidations -->
  <testcase classname="SelenimFramework1.tests.ErrorValidationsTest" name="ProductErrorValidation" time="0.0">
    <skipped/>
  </testcase> <!-- ProductErrorValidation -->
</testsuite> <!-- Error Validation Test -->
