<?xml version="1.0" encoding="UTF-8"?>
<!-- Generated by org.testng.reporters.JUnitXMLReporter -->
<testsuite ignored="0" hostname="LAPTOP-PFC5DLKF" failures="0" tests="2" name="Default test" time="4.31" errors="0" timestamp="2024-06-13T21:53:53 IST">
  <testcase classname="abhijitpanigrahi.ExtentReports.ExtentReportDemo" name="initialDemo" time="2.625"/>
  <testcase classname="abhijitpanigrahi.ExtentReports.ExtentReportDemo" name="initialDemo2" time="1.449"/>
</testsuite> <!-- Default test -->
