<?xml version="1.0" encoding="UTF-8"?>
<testng-results ignored="0" total="2" passed="2" failed="0" skipped="0">
  <reporter-output>
  </reporter-output>
  <suite started-at="2024-06-13T21:53:48 IST" name="Default suite" finished-at="2024-06-13T21:53:53 IST" duration-ms="4310">
    <groups>
    </groups>
    <test started-at="2024-06-13T21:53:48 IST" name="Default test" finished-at="2024-06-13T21:53:53 IST" duration-ms="4310">
      <class name="abhijitpanigrahi.ExtentReports.ExtentReportDemo">
        <test-method is-config="true" signature="config()[pri:0, instance:abhijitpanigrahi.ExtentReports.ExtentReportDemo@6392827e]" started-at="2024-06-13T21:53:48 IST" name="config" finished-at="2024-06-13T21:53:49 IST" duration-ms="215" status="PASS">
          <reporter-output>
          </reporter-output>
        </test-method> <!-- config -->
        <test-method signature="initialDemo()[pri:0, instance:abhijitpanigrahi.ExtentReports.ExtentReportDemo@6392827e]" started-at="2024-06-13T21:53:49 IST" name="initialDemo" finished-at="2024-06-13T21:53:51 IST" duration-ms="2625" status="PASS">
          <reporter-output>
          </reporter-output>
        </test-method> <!-- initialDemo -->
        <test-method signature="initialDemo2()[pri:0, instance:abhijitpanigrahi.ExtentReports.ExtentReportDemo@6392827e]" started-at="2024-06-13T21:53:51 IST" name="initialDemo2" finished-at="2024-06-13T21:53:53 IST" duration-ms="1449" status="PASS">
          <reporter-output>
          </reporter-output>
        </test-method> <!-- initialDemo2 -->
      </class> <!-- abhijitpanigrahi.ExtentReports.ExtentReportDemo -->
    </test> <!-- Default test -->
  </suite> <!-- Default suite -->
</testng-results>
