<?xml version="1.0" encoding="UTF-8"?>
<!-- Generated by org.testng.reporters.JUnitXMLReporter -->
<testsuite ignored="0" hostname="LAPTOP-PFC5DLKF" failures="0" tests="4" name="Default test" time="0.031" errors="0" timestamp="2024-06-07T19:55:48 IST">
  <testcase classname="test.Day4" name="APILoginHomeLoan" time="0.005"/>
  <testcase classname="test.Day4" name="APILogoutHomeLoan" time="0.0"/>
  <testcase classname="test.Day4" name="MobileLoginHomeLoan" time="0.001"/>
  <testcase classname="test.Day4" name="WebLoginHomeLoan" time="0.001"/>
</testsuite> <!-- Default test -->
