<?xml version="1.0" encoding="UTF-8"?>
<!-- Generated by org.testng.reporters.JUnitXMLReporter -->
<testsuite ignored="3" hostname="LAPTOP-PFC5DLKF" failures="0" tests="3" name="Car Loan" time="0.005" errors="0" timestamp="2024-06-11T16:00:01 IST">
  <testcase classname="test.Day3" name="APILoginCarLoan" time="0.001"/>
  <testcase classname="test.Day3" name="MobileLoginCarLoan" time="0.001"/>
  <testcase classname="test.Day3" name="WebLoginCarLoan" time="0.001"/>
  <testcase classname="test.Day3" name="Regular2" time="0.0">
    <ignored/>
  </testcase> <!-- Regular2 -->
  <testcase classname="test.Day3" name="Regular1" time="0.0">
    <ignored/>
  </testcase> <!-- Regular1 -->
  <testcase classname="test.Day3" name="Regular3" time="0.0">
    <ignored/>
  </testcase> <!-- Regular3 -->
</testsuite> <!-- Car Loan -->
