<?xml version="1.0" encoding="UTF-8"?>
<!-- Generated by org.testng.reporters.JUnitXMLReporter -->
<testsuite ignored="0" hostname="LAPTOP-PFC5DLKF" failures="0" tests="3" name="Home Loan" time="0.008" errors="0" timestamp="2024-05-08T15:05:36 IST">
  <testcase classname="test.Day4" name="APILoginHomeLoan" time="0.004"/>
  <testcase classname="test.Day4" name="MobileLoginHomeLoan" time="0.0"/>
  <testcase classname="test.Day4" name="WebLoginHomeLoan" time="0.0"/>
</testsuite> <!-- Home Loan -->
