<?xml version="1.0" encoding="UTF-8"?>
<!-- Generated by org.testng.reporters.JUnitXMLReporter -->
<testsuite ignored="0" hostname="LAPTOP-PFC5DLKF" failures="0" tests="17" name="Personal Loan" time="0.046" errors="0" timestamp="2024-06-17T15:58:12 IST">
  <testcase classname="test.Day1" name="TestNGDemo1" time="0.003"/>
  <testcase classname="test.Day2" name="TestNGDemo3" time="0.0"/>
  <testcase classname="test.Day3" name="APILoginCarLoan" time="0.001"/>
  <testcase classname="test.Day3" name="MobileLoginCarLoan" time="0.001"/>
  <testcase classname="test.Day3" name="Regular1" time="0.001"/>
  <testcase classname="test.Day3" name="Regular2" time="0.001"/>
  <testcase classname="test.Day3" name="Regular3" time="0.001"/>
  <testcase classname="test.Day3" name="WebLoginCarLoan" time="0.001"/>
  <testcase classname="test.Day4" name="APILoginHomeLoan" time="0.001"/>
  <testcase classname="test.Day4" name="APILogoutHomeLoan" time="0.001"/>
  <testcase classname="test.Day4" name="MobileLoginHomeLoan" time="0.001"/>
  <testcase classname="test.Day4" name="WebLoginHomeLoan" time="0.001"/>
  <testcase classname="test.Day5" name="FirstMethod" time="0.001"/>
  <testcase classname="test.Day5" name="SecondMethod" time="0.0"/>
  <testcase classname="test.Day6" name="FourthMethod" time="0.0"/>
  <testcase classname="test.Day6" name="SecondMethod" time="0.001"/>
  <testcase classname="test.Day6" name="ThirdMethod2" time="0.0"/>
</testsuite> <!-- Personal Loan -->
